2023-07-21T14:41:46.779+05:30 ERROR 6308 --- [restartedMain] o.s.b.d.LoggingFailureAnalysisReporter   : 

***************************
APPLICATION FAILED TO START
***************************

Description:

Failed to bind properties under 'logging.level.org.springframework.web' to org.springframework.boot.logging.LogLevel:

    Property: logging.level.org.springframework.web
    Value: "WARM"
    Origin: class path resource [application.properties] - 7:39
    Reason: failed to convert java.lang.String to org.springframework.boot.logging.LogLevel (caused by java.lang.IllegalArgumentException: No enum constant org.springframework.boot.logging.LogLevel.WARM)

Action:

Update your application's configuration. The following values are valid:

    DEBUG
    ERROR
    FATAL
    INFO
    OFF
    TRACE
    WARN

2023-07-21T14:45:02.249+05:30 ERROR 12028 --- [restartedMain] o.s.b.d.LoggingFailureAnalysisReporter   : 

***************************
APPLICATION FAILED TO START
***************************

Description:

Failed to bind properties under 'logging.level.org.springframework.web' to org.springframework.boot.logging.LogLevel:

    Property: logging.level.org.springframework.web
    Value: "WARM"
    Origin: class path resource [application.properties] - 6:39
    Reason: failed to convert java.lang.String to org.springframework.boot.logging.LogLevel (caused by java.lang.IllegalArgumentException: No enum constant org.springframework.boot.logging.LogLevel.WARM)

Action:

Update your application's configuration. The following values are valid:

    DEBUG
    ERROR
    FATAL
    INFO
    OFF
    TRACE
    WARN

